-------------------------------------------------------------------------------
Test set: com.bookcatalogue.BookCatalogueIT
-------------------------------------------------------------------------------
Tests run: 5, Failures: 0, Errors: 5, Skipped: 0, Time elapsed: 0.208 s <<< FAILURE! - in com.bookcatalogue.BookCatalogueIT
com.bookcatalogue.BookCatalogueIT.findBooksByTitleTest  Time elapsed: 0.038 s  <<< ERROR!
org.springframework.web.client.ResourceAccessException: I/O error on GET request for "http://localhost:8082/books/titles/The%20lord%20of%20the%20Rings": Connect to localhost:8082 [localhost/127.0.0.1, localhost/0:0:0:0:0:0:0:1] failed: Connection refused (Connection refused); nested exception is org.apache.http.conn.HttpHostConnectException: Connect to localhost:8082 [localhost/127.0.0.1, localhost/0:0:0:0:0:0:0:1] failed: Connection refused (Connection refused)
	at com.bookcatalogue.BookCatalogueIT.findBooksByTitleTest(BookCatalogueIT.java:71)
Caused by: org.apache.http.conn.HttpHostConnectException: Connect to localhost:8082 [localhost/127.0.0.1, localhost/0:0:0:0:0:0:0:1] failed: Connection refused (Connection refused)
	at com.bookcatalogue.BookCatalogueIT.findBooksByTitleTest(BookCatalogueIT.java:71)
Caused by: java.net.ConnectException: Connection refused (Connection refused)
	at com.bookcatalogue.BookCatalogueIT.findBooksByTitleTest(BookCatalogueIT.java:71)

com.bookcatalogue.BookCatalogueIT.findBooksByAuthorTest  Time elapsed: 0.004 s  <<< ERROR!
org.springframework.web.client.ResourceAccessException: I/O error on GET request for "http://localhost:8082/books/authors/J.R.R.Tolkien": Connect to localhost:8082 [localhost/127.0.0.1, localhost/0:0:0:0:0:0:0:1] failed: Connection refused (Connection refused); nested exception is org.apache.http.conn.HttpHostConnectException: Connect to localhost:8082 [localhost/127.0.0.1, localhost/0:0:0:0:0:0:0:1] failed: Connection refused (Connection refused)
	at com.bookcatalogue.BookCatalogueIT.findBooksByAuthorTest(BookCatalogueIT.java:62)
Caused by: org.apache.http.conn.HttpHostConnectException: Connect to localhost:8082 [localhost/127.0.0.1, localhost/0:0:0:0:0:0:0:1] failed: Connection refused (Connection refused)
	at com.bookcatalogue.BookCatalogueIT.findBooksByAuthorTest(BookCatalogueIT.java:62)
Caused by: java.net.ConnectException: Connection refused (Connection refused)
	at com.bookcatalogue.BookCatalogueIT.findBooksByAuthorTest(BookCatalogueIT.java:62)

com.bookcatalogue.BookCatalogueIT.getBookByIdTest  Time elapsed: 0.003 s  <<< ERROR!
org.springframework.web.client.ResourceAccessException: I/O error on GET request for "http://localhost:8082/books/4": Connect to localhost:8082 [localhost/127.0.0.1, localhost/0:0:0:0:0:0:0:1] failed: Connection refused (Connection refused); nested exception is org.apache.http.conn.HttpHostConnectException: Connect to localhost:8082 [localhost/127.0.0.1, localhost/0:0:0:0:0:0:0:1] failed: Connection refused (Connection refused)
	at com.bookcatalogue.BookCatalogueIT.getBookByIdTest(BookCatalogueIT.java:53)
Caused by: org.apache.http.conn.HttpHostConnectException: Connect to localhost:8082 [localhost/127.0.0.1, localhost/0:0:0:0:0:0:0:1] failed: Connection refused (Connection refused)
	at com.bookcatalogue.BookCatalogueIT.getBookByIdTest(BookCatalogueIT.java:53)
Caused by: java.net.ConnectException: Connection refused (Connection refused)
	at com.bookcatalogue.BookCatalogueIT.getBookByIdTest(BookCatalogueIT.java:53)

com.bookcatalogue.BookCatalogueIT.findBooksByIsbnTest  Time elapsed: 0.004 s  <<< ERROR!
org.springframework.web.client.ResourceAccessException: I/O error on GET request for "http://localhost:8082/books/isbn/9780007136582": Connect to localhost:8082 [localhost/127.0.0.1, localhost/0:0:0:0:0:0:0:1] failed: Connection refused (Connection refused); nested exception is org.apache.http.conn.HttpHostConnectException: Connect to localhost:8082 [localhost/127.0.0.1, localhost/0:0:0:0:0:0:0:1] failed: Connection refused (Connection refused)
	at com.bookcatalogue.BookCatalogueIT.findBooksByIsbnTest(BookCatalogueIT.java:80)
Caused by: org.apache.http.conn.HttpHostConnectException: Connect to localhost:8082 [localhost/127.0.0.1, localhost/0:0:0:0:0:0:0:1] failed: Connection refused (Connection refused)
	at com.bookcatalogue.BookCatalogueIT.findBooksByIsbnTest(BookCatalogueIT.java:80)
Caused by: java.net.ConnectException: Connection refused (Connection refused)
	at com.bookcatalogue.BookCatalogueIT.findBooksByIsbnTest(BookCatalogueIT.java:80)

com.bookcatalogue.BookCatalogueIT.deleteBookByIdTest  Time elapsed: 0.004 s  <<< ERROR!
org.springframework.web.client.ResourceAccessException: I/O error on GET request for "http://localhost:8082/books/8": Connect to localhost:8082 [localhost/127.0.0.1, localhost/0:0:0:0:0:0:0:1] failed: Connection refused (Connection refused); nested exception is org.apache.http.conn.HttpHostConnectException: Connect to localhost:8082 [localhost/127.0.0.1, localhost/0:0:0:0:0:0:0:1] failed: Connection refused (Connection refused)
	at com.bookcatalogue.BookCatalogueIT.deleteBookByIdTest(BookCatalogueIT.java:140)
Caused by: org.apache.http.conn.HttpHostConnectException: Connect to localhost:8082 [localhost/127.0.0.1, localhost/0:0:0:0:0:0:0:1] failed: Connection refused (Connection refused)
	at com.bookcatalogue.BookCatalogueIT.deleteBookByIdTest(BookCatalogueIT.java:140)
Caused by: java.net.ConnectException: Connection refused (Connection refused)
	at com.bookcatalogue.BookCatalogueIT.deleteBookByIdTest(BookCatalogueIT.java:140)

