<?xml version="1.0" encoding="UTF-8"?>
<testsuite name="com.bookcatalogue.BookCatalogueIT" time="0.322" tests="8" errors="8" skipped="0" failures="0">
  <properties>
[...]
</properties>
  <testcase name="findBooksByTitleTest" classname="com.bookcatalogue.BookCatalogueIT" time="0.237">
    <error message="I/O error on GET request for &quot;http://localhost:8082/books/titles/The%20lord%20of%20the%20Rings&quot;: Connection refused (Connection refused); nested exception is java.net.ConnectException: Connection refused (Connection refused)" type="org.springframework.web.client.ResourceAccessException"><![CDATA[org.springframework.web.client.ResourceAccessException: I/O error on GET request for "http://localhost:8082/books/titles/The%20lord%20of%20the%20Rings": Connection refused (Connection refused); nested exception is java.net.ConnectException: Connection refused (Connection refused)
	at java.base/java.net.PlainSocketImpl.socketConnect(Native Method)
	at java.base/java.net.AbstractPlainSocketImpl.doConnect(AbstractPlainSocketImpl.java:412)
	at java.base/java.net.AbstractPlainSocketImpl.connectToAddress(AbstractPlainSocketImpl.java:255)
	at java.base/java.net.AbstractPlainSocketImpl.connect(AbstractPlainSocketImpl.java:237)
	at java.base/java.net.Socket.connect(Socket.java:609)
	at java.base/java.net.Socket.connect(Socket.java:558)
	at java.base/sun.net.NetworkClient.doConnect(NetworkClient.java:182)
	at java.base/sun.net.www.http.HttpClient.openServer(HttpClient.java:474)
	at java.base/sun.net.www.http.HttpClient.openServer(HttpClient.java:569)
	at java.base/sun.net.www.http.HttpClient.<init>(HttpClient.java:242)
	at java.base/sun.net.www.http.HttpClient.New(HttpClient.java:341)
	at java.base/sun.net.www.http.HttpClient.New(HttpClient.java:362)
	at java.base/sun.net.www.protocol.http.HttpURLConnection.getNewHttpClient(HttpURLConnection.java:1253)
	at java.base/sun.net.www.protocol.http.HttpURLConnection.plainConnect0(HttpURLConnection.java:1187)
	at java.base/sun.net.www.protocol.http.HttpURLConnection.plainConnect(HttpURLConnection.java:1081)
	at java.base/sun.net.www.protocol.http.HttpURLConnection.connect(HttpURLConnection.java:1015)
	at org.springframework.http.client.SimpleBufferingClientHttpRequest.executeInternal(SimpleBufferingClientHttpRequest.java:76)
	at org.springframework.http.client.AbstractBufferingClientHttpRequest.executeInternal(AbstractBufferingClientHttpRequest.java:48)
	at org.springframework.http.client.AbstractClientHttpRequest.execute(AbstractClientHttpRequest.java:66)
	at org.springframework.web.client.RestTemplate.doExecute(RestTemplate.java:776)
	at org.springframework.web.client.RestTemplate.execute(RestTemplate.java:711)
	at org.springframework.web.client.RestTemplate.getForEntity(RestTemplate.java:361)
	at org.springframework.boot.test.web.client.TestRestTemplate.getForEntity(TestRestTemplate.java:231)
	at com.bookcatalogue.BookCatalogueIT.findBooksByTitleTest(BookCatalogueIT.java:69)
]]></error>
    <system-out><![CDATA[14:47:53.997 [main] DEBUG org.springframework.web.client.RestTemplate - HTTP GET http://localhost:8082/books/titles/The%20lord%20of%20the%20Rings
14:47:54.003 [main] DEBUG org.springframework.web.client.RestTemplate - Accept=[text/plain, application/json, application/*+json, */*]
]]></system-out>
  </testcase>
  <testcase name="createBookTest" classname="com.bookcatalogue.BookCatalogueIT" time="0.054">
    <error message="I/O error on POST request for &quot;http://localhost:8082/books&quot;: Connection refused (Connection refused); nested exception is java.net.ConnectException: Connection refused (Connection refused)" type="org.springframework.web.client.ResourceAccessException"><![CDATA[org.springframework.web.client.ResourceAccessException: I/O error on POST request for "http://localhost:8082/books": Connection refused (Connection refused); nested exception is java.net.ConnectException: Connection refused (Connection refused)
	at java.base/java.net.PlainSocketImpl.socketConnect(Native Method)
	at java.base/java.net.AbstractPlainSocketImpl.doConnect(AbstractPlainSocketImpl.java:412)
	at java.base/java.net.AbstractPlainSocketImpl.connectToAddress(AbstractPlainSocketImpl.java:255)
	at java.base/java.net.AbstractPlainSocketImpl.connect(AbstractPlainSocketImpl.java:237)
	at java.base/java.net.Socket.connect(Socket.java:609)
	at java.base/java.net.Socket.connect(Socket.java:558)
	at java.base/sun.net.NetworkClient.doConnect(NetworkClient.java:182)
	at java.base/sun.net.www.http.HttpClient.openServer(HttpClient.java:474)
	at java.base/sun.net.www.http.HttpClient.openServer(HttpClient.java:569)
	at java.base/sun.net.www.http.HttpClient.<init>(HttpClient.java:242)
	at java.base/sun.net.www.http.HttpClient.New(HttpClient.java:341)
	at java.base/sun.net.www.http.HttpClient.New(HttpClient.java:362)
	at java.base/sun.net.www.protocol.http.HttpURLConnection.getNewHttpClient(HttpURLConnection.java:1253)
	at java.base/sun.net.www.protocol.http.HttpURLConnection.plainConnect0(HttpURLConnection.java:1187)
	at java.base/sun.net.www.protocol.http.HttpURLConnection.plainConnect(HttpURLConnection.java:1081)
	at java.base/sun.net.www.protocol.http.HttpURLConnection.connect(HttpURLConnection.java:1015)
	at org.springframework.http.client.SimpleBufferingClientHttpRequest.executeInternal(SimpleBufferingClientHttpRequest.java:76)
	at org.springframework.http.client.AbstractBufferingClientHttpRequest.executeInternal(AbstractBufferingClientHttpRequest.java:48)
	at org.springframework.http.client.AbstractClientHttpRequest.execute(AbstractClientHttpRequest.java:66)
	at org.springframework.web.client.RestTemplate.doExecute(RestTemplate.java:776)
	at org.springframework.web.client.RestTemplate.execute(RestTemplate.java:711)
	at org.springframework.web.client.RestTemplate.postForEntity(RestTemplate.java:468)
	at org.springframework.boot.test.web.client.TestRestTemplate.postForEntity(TestRestTemplate.java:440)
	at com.bookcatalogue.BookCatalogueIT.createBookTest(BookCatalogueIT.java:99)
]]></error>
    <system-out><![CDATA[14:47:54.018 [main] DEBUG org.springframework.web.client.RestTemplate - HTTP POST http://localhost:8082/books
14:47:54.018 [main] DEBUG org.springframework.web.client.RestTemplate - Accept=[text/plain, application/json, application/*+json, */*]
14:47:54.065 [main] DEBUG org.springframework.web.client.RestTemplate - Writing [Book{id=null, author='Douglas Adams', title='And Another Thing', isbn='9781401395216', isAvailable=true}] as "application/json"
]]></system-out>
  </testcase>
  <testcase name="findBooksByAuthorTest" classname="com.bookcatalogue.BookCatalogueIT" time="0.002">
    <error message="I/O error on GET request for &quot;http://localhost:8082/books/authors/J.R.R.Tolkien&quot;: Connection refused (Connection refused); nested exception is java.net.ConnectException: Connection refused (Connection refused)" type="org.springframework.web.client.ResourceAccessException"><![CDATA[org.springframework.web.client.ResourceAccessException: I/O error on GET request for "http://localhost:8082/books/authors/J.R.R.Tolkien": Connection refused (Connection refused); nested exception is java.net.ConnectException: Connection refused (Connection refused)
	at java.base/java.net.PlainSocketImpl.socketConnect(Native Method)
	at java.base/java.net.AbstractPlainSocketImpl.doConnect(AbstractPlainSocketImpl.java:412)
	at java.base/java.net.AbstractPlainSocketImpl.connectToAddress(AbstractPlainSocketImpl.java:255)
	at java.base/java.net.AbstractPlainSocketImpl.connect(AbstractPlainSocketImpl.java:237)
	at java.base/java.net.Socket.connect(Socket.java:609)
	at java.base/java.net.Socket.connect(Socket.java:558)
	at java.base/sun.net.NetworkClient.doConnect(NetworkClient.java:182)
	at java.base/sun.net.www.http.HttpClient.openServer(HttpClient.java:474)
	at java.base/sun.net.www.http.HttpClient.openServer(HttpClient.java:569)
	at java.base/sun.net.www.http.HttpClient.<init>(HttpClient.java:242)
	at java.base/sun.net.www.http.HttpClient.New(HttpClient.java:341)
	at java.base/sun.net.www.http.HttpClient.New(HttpClient.java:362)
	at java.base/sun.net.www.protocol.http.HttpURLConnection.getNewHttpClient(HttpURLConnection.java:1253)
	at java.base/sun.net.www.protocol.http.HttpURLConnection.plainConnect0(HttpURLConnection.java:1187)
	at java.base/sun.net.www.protocol.http.HttpURLConnection.plainConnect(HttpURLConnection.java:1081)
	at java.base/sun.net.www.protocol.http.HttpURLConnection.connect(HttpURLConnection.java:1015)
	at org.springframework.http.client.SimpleBufferingClientHttpRequest.executeInternal(SimpleBufferingClientHttpRequest.java:76)
	at org.springframework.http.client.AbstractBufferingClientHttpRequest.executeInternal(AbstractBufferingClientHttpRequest.java:48)
	at org.springframework.http.client.AbstractClientHttpRequest.execute(AbstractClientHttpRequest.java:66)
	at org.springframework.web.client.RestTemplate.doExecute(RestTemplate.java:776)
	at org.springframework.web.client.RestTemplate.execute(RestTemplate.java:711)
	at org.springframework.web.client.RestTemplate.getForEntity(RestTemplate.java:361)
	at org.springframework.boot.test.web.client.TestRestTemplate.getForEntity(TestRestTemplate.java:231)
	at com.bookcatalogue.BookCatalogueIT.findBooksByAuthorTest(BookCatalogueIT.java:60)
]]></error>
    <system-out><![CDATA[14:47:54.071 [main] DEBUG org.springframework.web.client.RestTemplate - HTTP GET http://localhost:8082/books/authors/J.R.R.Tolkien
14:47:54.072 [main] DEBUG org.springframework.web.client.RestTemplate - Accept=[text/plain, application/json, application/*+json, */*]
]]></system-out>
  </testcase>
  <testcase name="getBookByIdTest" classname="com.bookcatalogue.BookCatalogueIT" time="0.003">
    <error message="I/O error on GET request for &quot;http://localhost:8082/books/4&quot;: Connection refused (Connection refused); nested exception is java.net.ConnectException: Connection refused (Connection refused)" type="org.springframework.web.client.ResourceAccessException"><![CDATA[org.springframework.web.client.ResourceAccessException: I/O error on GET request for "http://localhost:8082/books/4": Connection refused (Connection refused); nested exception is java.net.ConnectException: Connection refused (Connection refused)
	at java.base/java.net.PlainSocketImpl.socketConnect(Native Method)
	at java.base/java.net.AbstractPlainSocketImpl.doConnect(AbstractPlainSocketImpl.java:412)
	at java.base/java.net.AbstractPlainSocketImpl.connectToAddress(AbstractPlainSocketImpl.java:255)
	at java.base/java.net.AbstractPlainSocketImpl.connect(AbstractPlainSocketImpl.java:237)
	at java.base/java.net.Socket.connect(Socket.java:609)
	at java.base/java.net.Socket.connect(Socket.java:558)
	at java.base/sun.net.NetworkClient.doConnect(NetworkClient.java:182)
	at java.base/sun.net.www.http.HttpClient.openServer(HttpClient.java:474)
	at java.base/sun.net.www.http.HttpClient.openServer(HttpClient.java:569)
	at java.base/sun.net.www.http.HttpClient.<init>(HttpClient.java:242)
	at java.base/sun.net.www.http.HttpClient.New(HttpClient.java:341)
	at java.base/sun.net.www.http.HttpClient.New(HttpClient.java:362)
	at java.base/sun.net.www.protocol.http.HttpURLConnection.getNewHttpClient(HttpURLConnection.java:1253)
	at java.base/sun.net.www.protocol.http.HttpURLConnection.plainConnect0(HttpURLConnection.java:1187)
	at java.base/sun.net.www.protocol.http.HttpURLConnection.plainConnect(HttpURLConnection.java:1081)
	at java.base/sun.net.www.protocol.http.HttpURLConnection.connect(HttpURLConnection.java:1015)
	at org.springframework.http.client.SimpleBufferingClientHttpRequest.executeInternal(SimpleBufferingClientHttpRequest.java:76)
	at org.springframework.http.client.AbstractBufferingClientHttpRequest.executeInternal(AbstractBufferingClientHttpRequest.java:48)
	at org.springframework.http.client.AbstractClientHttpRequest.execute(AbstractClientHttpRequest.java:66)
	at org.springframework.web.client.RestTemplate.doExecute(RestTemplate.java:776)
	at org.springframework.web.client.RestTemplate.execute(RestTemplate.java:711)
	at org.springframework.web.client.RestTemplate.getForEntity(RestTemplate.java:361)
	at org.springframework.boot.test.web.client.TestRestTemplate.getForEntity(TestRestTemplate.java:231)
	at com.bookcatalogue.BookCatalogueIT.getBookByIdTest(BookCatalogueIT.java:51)
]]></error>
    <system-out><![CDATA[14:47:54.074 [main] DEBUG org.springframework.web.client.RestTemplate - HTTP GET http://localhost:8082/books/4
14:47:54.074 [main] DEBUG org.springframework.web.client.RestTemplate - Accept=[text/plain, application/json, application/*+json, */*]
]]></system-out>
  </testcase>
  <testcase name="findBooksByIsbnTest" classname="com.bookcatalogue.BookCatalogueIT" time="0.002">
    <error message="I/O error on GET request for &quot;http://localhost:8082/books/isbn/9780007136582&quot;: Connection refused (Connection refused); nested exception is java.net.ConnectException: Connection refused (Connection refused)" type="org.springframework.web.client.ResourceAccessException"><![CDATA[org.springframework.web.client.ResourceAccessException: I/O error on GET request for "http://localhost:8082/books/isbn/9780007136582": Connection refused (Connection refused); nested exception is java.net.ConnectException: Connection refused (Connection refused)
	at java.base/java.net.PlainSocketImpl.socketConnect(Native Method)
	at java.base/java.net.AbstractPlainSocketImpl.doConnect(AbstractPlainSocketImpl.java:412)
	at java.base/java.net.AbstractPlainSocketImpl.connectToAddress(AbstractPlainSocketImpl.java:255)
	at java.base/java.net.AbstractPlainSocketImpl.connect(AbstractPlainSocketImpl.java:237)
	at java.base/java.net.Socket.connect(Socket.java:609)
	at java.base/java.net.Socket.connect(Socket.java:558)
	at java.base/sun.net.NetworkClient.doConnect(NetworkClient.java:182)
	at java.base/sun.net.www.http.HttpClient.openServer(HttpClient.java:474)
	at java.base/sun.net.www.http.HttpClient.openServer(HttpClient.java:569)
	at java.base/sun.net.www.http.HttpClient.<init>(HttpClient.java:242)
	at java.base/sun.net.www.http.HttpClient.New(HttpClient.java:341)
	at java.base/sun.net.www.http.HttpClient.New(HttpClient.java:362)
	at java.base/sun.net.www.protocol.http.HttpURLConnection.getNewHttpClient(HttpURLConnection.java:1253)
	at java.base/sun.net.www.protocol.http.HttpURLConnection.plainConnect0(HttpURLConnection.java:1187)
	at java.base/sun.net.www.protocol.http.HttpURLConnection.plainConnect(HttpURLConnection.java:1081)
	at java.base/sun.net.www.protocol.http.HttpURLConnection.connect(HttpURLConnection.java:1015)
	at org.springframework.http.client.SimpleBufferingClientHttpRequest.executeInternal(SimpleBufferingClientHttpRequest.java:76)
	at org.springframework.http.client.AbstractBufferingClientHttpRequest.executeInternal(AbstractBufferingClientHttpRequest.java:48)
	at org.springframework.http.client.AbstractClientHttpRequest.execute(AbstractClientHttpRequest.java:66)
	at org.springframework.web.client.RestTemplate.doExecute(RestTemplate.java:776)
	at org.springframework.web.client.RestTemplate.execute(RestTemplate.java:711)
	at org.springframework.web.client.RestTemplate.getForEntity(RestTemplate.java:361)
	at org.springframework.boot.test.web.client.TestRestTemplate.getForEntity(TestRestTemplate.java:231)
	at com.bookcatalogue.BookCatalogueIT.findBooksByIsbnTest(BookCatalogueIT.java:78)
]]></error>
    <system-out><![CDATA[14:47:54.076 [main] DEBUG org.springframework.web.client.RestTemplate - HTTP GET http://localhost:8082/books/isbn/9780007136582
14:47:54.076 [main] DEBUG org.springframework.web.client.RestTemplate - Accept=[text/plain, application/json, application/*+json, */*]
]]></system-out>
  </testcase>
  <testcase name="getAllBooksTest" classname="com.bookcatalogue.BookCatalogueIT" time="0.005">
    <error message="I/O error on GET request for &quot;http://localhost:8082/books&quot;: Connection refused (Connection refused); nested exception is java.net.ConnectException: Connection refused (Connection refused)" type="org.springframework.web.client.ResourceAccessException"><![CDATA[org.springframework.web.client.ResourceAccessException: I/O error on GET request for "http://localhost:8082/books": Connection refused (Connection refused); nested exception is java.net.ConnectException: Connection refused (Connection refused)
	at java.base/java.net.PlainSocketImpl.socketConnect(Native Method)
	at java.base/java.net.AbstractPlainSocketImpl.doConnect(AbstractPlainSocketImpl.java:412)
	at java.base/java.net.AbstractPlainSocketImpl.connectToAddress(AbstractPlainSocketImpl.java:255)
	at java.base/java.net.AbstractPlainSocketImpl.connect(AbstractPlainSocketImpl.java:237)
	at java.base/java.net.Socket.connect(Socket.java:609)
	at java.base/java.net.Socket.connect(Socket.java:558)
	at java.base/sun.net.NetworkClient.doConnect(NetworkClient.java:182)
	at java.base/sun.net.www.http.HttpClient.openServer(HttpClient.java:474)
	at java.base/sun.net.www.http.HttpClient.openServer(HttpClient.java:569)
	at java.base/sun.net.www.http.HttpClient.<init>(HttpClient.java:242)
	at java.base/sun.net.www.http.HttpClient.New(HttpClient.java:341)
	at java.base/sun.net.www.http.HttpClient.New(HttpClient.java:362)
	at java.base/sun.net.www.protocol.http.HttpURLConnection.getNewHttpClient(HttpURLConnection.java:1253)
	at java.base/sun.net.www.protocol.http.HttpURLConnection.plainConnect0(HttpURLConnection.java:1187)
	at java.base/sun.net.www.protocol.http.HttpURLConnection.plainConnect(HttpURLConnection.java:1081)
	at java.base/sun.net.www.protocol.http.HttpURLConnection.connect(HttpURLConnection.java:1015)
	at org.springframework.http.client.SimpleBufferingClientHttpRequest.executeInternal(SimpleBufferingClientHttpRequest.java:76)
	at org.springframework.http.client.AbstractBufferingClientHttpRequest.executeInternal(AbstractBufferingClientHttpRequest.java:48)
	at org.springframework.http.client.AbstractClientHttpRequest.execute(AbstractClientHttpRequest.java:66)
	at org.springframework.web.client.RestTemplate.doExecute(RestTemplate.java:776)
	at org.springframework.web.client.RestTemplate.execute(RestTemplate.java:711)
	at org.springframework.web.client.RestTemplate.getForEntity(RestTemplate.java:361)
	at org.springframework.boot.test.web.client.TestRestTemplate.getForEntity(TestRestTemplate.java:231)
	at com.bookcatalogue.BookCatalogueIT.getAllBooksTest(BookCatalogueIT.java:40)
]]></error>
    <system-out><![CDATA[14:47:54.079 [main] DEBUG org.springframework.web.client.RestTemplate - HTTP GET http://localhost:8082/books
14:47:54.082 [main] DEBUG org.springframework.web.client.RestTemplate - Accept=[application/json, application/*+json]
]]></system-out>
  </testcase>
  <testcase name="deleteBookByIdTest" classname="com.bookcatalogue.BookCatalogueIT" time="0.006">
    <error message="I/O error on GET request for &quot;http://localhost:8082/books/8&quot;: Connection refused (Connection refused); nested exception is java.net.ConnectException: Connection refused (Connection refused)" type="org.springframework.web.client.ResourceAccessException"><![CDATA[org.springframework.web.client.ResourceAccessException: I/O error on GET request for "http://localhost:8082/books/8": Connection refused (Connection refused); nested exception is java.net.ConnectException: Connection refused (Connection refused)
	at java.base/java.net.PlainSocketImpl.socketConnect(Native Method)
	at java.base/java.net.AbstractPlainSocketImpl.doConnect(AbstractPlainSocketImpl.java:412)
	at java.base/java.net.AbstractPlainSocketImpl.connectToAddress(AbstractPlainSocketImpl.java:255)
	at java.base/java.net.AbstractPlainSocketImpl.connect(AbstractPlainSocketImpl.java:237)
	at java.base/java.net.Socket.connect(Socket.java:609)
	at java.base/java.net.Socket.connect(Socket.java:558)
	at java.base/sun.net.NetworkClient.doConnect(NetworkClient.java:182)
	at java.base/sun.net.www.http.HttpClient.openServer(HttpClient.java:474)
	at java.base/sun.net.www.http.HttpClient.openServer(HttpClient.java:569)
	at java.base/sun.net.www.http.HttpClient.<init>(HttpClient.java:242)
	at java.base/sun.net.www.http.HttpClient.New(HttpClient.java:341)
	at java.base/sun.net.www.http.HttpClient.New(HttpClient.java:362)
	at java.base/sun.net.www.protocol.http.HttpURLConnection.getNewHttpClient(HttpURLConnection.java:1253)
	at java.base/sun.net.www.protocol.http.HttpURLConnection.plainConnect0(HttpURLConnection.java:1187)
	at java.base/sun.net.www.protocol.http.HttpURLConnection.plainConnect(HttpURLConnection.java:1081)
	at java.base/sun.net.www.protocol.http.HttpURLConnection.connect(HttpURLConnection.java:1015)
	at org.springframework.http.client.SimpleBufferingClientHttpRequest.executeInternal(SimpleBufferingClientHttpRequest.java:76)
	at org.springframework.http.client.AbstractBufferingClientHttpRequest.executeInternal(AbstractBufferingClientHttpRequest.java:48)
	at org.springframework.http.client.AbstractClientHttpRequest.execute(AbstractClientHttpRequest.java:66)
	at org.springframework.web.client.RestTemplate.doExecute(RestTemplate.java:776)
	at org.springframework.web.client.RestTemplate.execute(RestTemplate.java:711)
	at org.springframework.web.client.RestTemplate.getForEntity(RestTemplate.java:361)
	at org.springframework.boot.test.web.client.TestRestTemplate.getForEntity(TestRestTemplate.java:231)
	at com.bookcatalogue.BookCatalogueIT.deleteBookByIdTest(BookCatalogueIT.java:138)
]]></error>
    <system-out><![CDATA[14:47:54.088 [main] DEBUG org.springframework.web.client.RestTemplate - HTTP GET http://localhost:8082/books/8
14:47:54.088 [main] DEBUG org.springframework.web.client.RestTemplate - Accept=[text/plain, application/json, application/*+json, */*]
]]></system-out>
  </testcase>
  <testcase name="updateBookByIdTest" classname="com.bookcatalogue.BookCatalogueIT" time="0.013">
    <error message="I/O error on GET request for &quot;http://localhost:8082/books/7&quot;: Connection refused (Connection refused); nested exception is java.net.ConnectException: Connection refused (Connection refused)" type="org.springframework.web.client.ResourceAccessException"><![CDATA[org.springframework.web.client.ResourceAccessException: I/O error on GET request for "http://localhost:8082/books/7": Connection refused (Connection refused); nested exception is java.net.ConnectException: Connection refused (Connection refused)
	at java.base/java.net.PlainSocketImpl.socketConnect(Native Method)
	at java.base/java.net.AbstractPlainSocketImpl.doConnect(AbstractPlainSocketImpl.java:412)
	at java.base/java.net.AbstractPlainSocketImpl.connectToAddress(AbstractPlainSocketImpl.java:255)
	at java.base/java.net.AbstractPlainSocketImpl.connect(AbstractPlainSocketImpl.java:237)
	at java.base/java.net.Socket.connect(Socket.java:609)
	at java.base/java.net.Socket.connect(Socket.java:558)
	at java.base/sun.net.NetworkClient.doConnect(NetworkClient.java:182)
	at java.base/sun.net.www.http.HttpClient.openServer(HttpClient.java:474)
	at java.base/sun.net.www.http.HttpClient.openServer(HttpClient.java:569)
	at java.base/sun.net.www.http.HttpClient.<init>(HttpClient.java:242)
	at java.base/sun.net.www.http.HttpClient.New(HttpClient.java:341)
	at java.base/sun.net.www.http.HttpClient.New(HttpClient.java:362)
	at java.base/sun.net.www.protocol.http.HttpURLConnection.getNewHttpClient(HttpURLConnection.java:1253)
	at java.base/sun.net.www.protocol.http.HttpURLConnection.plainConnect0(HttpURLConnection.java:1187)
	at java.base/sun.net.www.protocol.http.HttpURLConnection.plainConnect(HttpURLConnection.java:1081)
	at java.base/sun.net.www.protocol.http.HttpURLConnection.connect(HttpURLConnection.java:1015)
	at org.springframework.http.client.SimpleBufferingClientHttpRequest.executeInternal(SimpleBufferingClientHttpRequest.java:76)
	at org.springframework.http.client.AbstractBufferingClientHttpRequest.executeInternal(AbstractBufferingClientHttpRequest.java:48)
	at org.springframework.http.client.AbstractClientHttpRequest.execute(AbstractClientHttpRequest.java:66)
	at org.springframework.web.client.RestTemplate.doExecute(RestTemplate.java:776)
	at org.springframework.web.client.RestTemplate.execute(RestTemplate.java:711)
	at org.springframework.web.client.RestTemplate.getForEntity(RestTemplate.java:361)
	at org.springframework.boot.test.web.client.TestRestTemplate.getForEntity(TestRestTemplate.java:231)
	at com.bookcatalogue.BookCatalogueIT.updateBookByIdTest(BookCatalogueIT.java:115)
]]></error>
    <system-out><![CDATA[14:47:54.090 [main] DEBUG org.springframework.web.client.RestTemplate - HTTP GET http://localhost:8082/books/7
14:47:54.101 [main] DEBUG org.springframework.web.client.RestTemplate - Accept=[application/json, application/*+json]
]]></system-out>
  </testcase>
</testsuite>